<?xml version="1.0" encoding="UTF-8"?>
<testsuite xmlns:xsi="http://www.w3.org/2001/XMLSchema-instance" xsi:noNamespaceSchemaLocation="https://maven.apache.org/surefire/maven-surefire-plugin/xsd/surefire-test-report-3.0.xsd" version="3.0" name="TestSuite" time="0.753" tests="1" errors="0" skipped="0" failures="1">
  <properties>
    <property name="java.specification.version" value="18"/>
    <property name="sun.jnu.encoding" value="UTF-8"/>
    <property name="java.class.path" value="/Users/filip/IntelliJ projects/RahulUdemy/target/test-classes:/Users/filip/IntelliJ projects/RahulUdemy/target/classes:/Users/filip/.m2/repository/io/cucumber/cucumber-java/7.9.0/cucumber-java-7.9.0.jar:/Users/filip/.m2/repository/io/cucumber/cucumber-core/7.9.0/cucumber-core-7.9.0.jar:/Users/filip/.m2/repository/io/cucumber/cucumber-gherkin/7.9.0/cucumber-gherkin-7.9.0.jar:/Users/filip/.m2/repository/io/cucumber/cucumber-gherkin-messages/7.9.0/cucumber-gherkin-messages-7.9.0.jar:/Users/filip/.m2/repository/io/cucumber/gherkin/24.1.0/gherkin-24.1.0.jar:/Users/filip/.m2/repository/io/cucumber/messages/19.1.4/messages-19.1.4.jar:/Users/filip/.m2/repository/io/cucumber/tag-expressions/4.1.0/tag-expressions-4.1.0.jar:/Users/filip/.m2/repository/io/cucumber/cucumber-expressions/16.0.0/cucumber-expressions-16.0.0.jar:/Users/filip/.m2/repository/io/cucumber/datatable/7.9.0/datatable-7.9.0.jar:/Users/filip/.m2/repository/io/cucumber/cucumber-plugin/7.9.0/cucumber-plugin-7.9.0.jar:/Users/filip/.m2/repository/io/cucumber/docstring/7.9.0/docstring-7.9.0.jar:/Users/filip/.m2/repository/io/cucumber/html-formatter/20.1.0/html-formatter-20.1.0.jar:/Users/filip/.m2/repository/io/cucumber/ci-environment/9.1.0/ci-environment-9.1.0.jar:/Users/filip/.m2/repository/org/apiguardian/apiguardian-api/1.1.2/apiguardian-api-1.1.2.jar:/Users/filip/.m2/repository/io/cucumber/cucumber-testng/7.9.0/cucumber-testng-7.9.0.jar:/Users/filip/.m2/repository/org/testng/testng/7.6.1/testng-7.6.1.jar:/Users/filip/.m2/repository/com/google/code/findbugs/jsr305/3.0.2/jsr305-3.0.2.jar:/Users/filip/.m2/repository/com/beust/jcommander/1.82/jcommander-1.82.jar:/Users/filip/.m2/repository/org/webjars/jquery/3.6.0/jquery-3.6.0.jar:/Users/filip/.m2/repository/io/cucumber/cucumber-picocontainer/7.9.0/cucumber-picocontainer-7.9.0.jar:/Users/filip/.m2/repository/org/picocontainer/picocontainer/2.15/picocontainer-2.15.jar:/Users/filip/.m2/repository/com/aventstack/extentreports/5.0.9/extentreports-5.0.9.jar:/Users/filip/.m2/repository/io/reactivex/rxjava3/rxjava/3.0.4/rxjava-3.0.4.jar:/Users/filip/.m2/repository/org/reactivestreams/reactive-streams/1.0.3/reactive-streams-1.0.3.jar:/Users/filip/.m2/repository/org/freemarker/freemarker/2.3.30/freemarker-2.3.30.jar:/Users/filip/.m2/repository/com/google/code/gson/gson/2.8.6/gson-2.8.6.jar:/Users/filip/.m2/repository/tech/grasshopper/extentreports-cucumber7-adapter/1.9.1/extentreports-cucumber7-adapter-1.9.1.jar:/Users/filip/.m2/repository/tech/grasshopper/extent-pdf-report/2.9.1/extent-pdf-report-2.9.1.jar:/Users/filip/.m2/repository/tech/grasshopper/cucumber-pdf-report/2.11.1/cucumber-pdf-report-2.11.1.jar:/Users/filip/.m2/repository/org/apache/pdfbox/pdfbox/2.0.26/pdfbox-2.0.26.jar:/Users/filip/.m2/repository/org/apache/pdfbox/fontbox/2.0.26/fontbox-2.0.26.jar:/Users/filip/.m2/repository/org/knowm/xchart/xchart/3.8.0/xchart-3.8.0.jar:/Users/filip/.m2/repository/de/erichseifert/vectorgraphics2d/VectorGraphics2D/0.13/VectorGraphics2D-0.13.jar:/Users/filip/.m2/repository/de/rototor/pdfbox/graphics2d/0.30/graphics2d-0.30.jar:/Users/filip/.m2/repository/com/madgag/animated-gif-lib/1.4/animated-gif-lib-1.4.jar:/Users/filip/.m2/repository/org/yaml/snakeyaml/1.28/snakeyaml-1.28.jar:/Users/filip/.m2/repository/tech/grasshopper/table-layout/1.5.1/table-layout-1.5.1.jar:/Users/filip/.m2/repository/tech/grasshopper/rest-assured-cucumber-pdf-report/1.4.1/rest-assured-cucumber-pdf-report-1.4.1.jar:/Users/filip/.m2/repository/org/jsoup/jsoup/1.15.3/jsoup-1.15.3.jar:/Users/filip/.m2/repository/com/aventstack/klov-reporter/5.0.9/klov-reporter-5.0.9.jar:/Users/filip/.m2/repository/org/mongodb/mongodb-driver/3.6.4/mongodb-driver-3.6.4.jar:/Users/filip/.m2/repository/org/mongodb/mongodb-driver-core/3.6.4/mongodb-driver-core-3.6.4.jar:/Users/filip/.m2/repository/org/mongodb/bson/3.6.4/bson-3.6.4.jar:/Users/filip/.m2/repository/org/apache/httpcomponents/httpclient/4.5.13/httpclient-4.5.13.jar:/Users/filip/.m2/repository/org/apache/httpcomponents/httpcore/4.4.13/httpcore-4.4.13.jar:/Users/filip/.m2/repository/commons-logging/commons-logging/1.2/commons-logging-1.2.jar:/Users/filip/.m2/repository/commons-codec/commons-codec/1.11/commons-codec-1.11.jar:/Users/filip/.m2/repository/org/apache/httpcomponents/httpmime/4.5.13/httpmime-4.5.13.jar:/Users/filip/.m2/repository/tech/grasshopper/htmlextentreporter/1.0.1/htmlextentreporter-1.0.1.jar:/Users/filip/.m2/repository/org/projectlombok/lombok/1.18.24/lombok-1.18.24.jar:/Users/filip/.m2/repository/org/seleniumhq/selenium/selenium-java/4.6.0/selenium-java-4.6.0.jar:/Users/filip/.m2/repository/org/seleniumhq/selenium/selenium-api/4.6.0/selenium-api-4.6.0.jar:/Users/filip/.m2/repository/org/seleniumhq/selenium/selenium-chrome-driver/4.6.0/selenium-chrome-driver-4.6.0.jar:/Users/filip/.m2/repository/com/google/auto/service/auto-service-annotations/1.0.1/auto-service-annotations-1.0.1.jar:/Users/filip/.m2/repository/com/google/auto/service/auto-service/1.0.1/auto-service-1.0.1.jar:/Users/filip/.m2/repository/com/google/auto/auto-common/1.2/auto-common-1.2.jar:/Users/filip/.m2/repository/org/seleniumhq/selenium/selenium-chromium-driver/4.6.0/selenium-chromium-driver-4.6.0.jar:/Users/filip/.m2/repository/org/seleniumhq/selenium/selenium-json/4.6.0/selenium-json-4.6.0.jar:/Users/filip/.m2/repository/org/seleniumhq/selenium/selenium-devtools-v105/4.6.0/selenium-devtools-v105-4.6.0.jar:/Users/filip/.m2/repository/org/seleniumhq/selenium/selenium-devtools-v106/4.6.0/selenium-devtools-v106-4.6.0.jar:/Users/filip/.m2/repository/org/seleniumhq/selenium/selenium-devtools-v107/4.6.0/selenium-devtools-v107-4.6.0.jar:/Users/filip/.m2/repository/org/seleniumhq/selenium/selenium-devtools-v85/4.6.0/selenium-devtools-v85-4.6.0.jar:/Users/filip/.m2/repository/org/seleniumhq/selenium/selenium-edge-driver/4.6.0/selenium-edge-driver-4.6.0.jar:/Users/filip/.m2/repository/org/seleniumhq/selenium/selenium-firefox-driver/4.6.0/selenium-firefox-driver-4.6.0.jar:/Users/filip/.m2/repository/org/seleniumhq/selenium/selenium-ie-driver/4.6.0/selenium-ie-driver-4.6.0.jar:/Users/filip/.m2/repository/org/seleniumhq/selenium/selenium-remote-driver/4.6.0/selenium-remote-driver-4.6.0.jar:/Users/filip/.m2/repository/io/netty/netty-buffer/4.1.84.Final/netty-buffer-4.1.84.Final.jar:/Users/filip/.m2/repository/io/netty/netty-codec-http/4.1.84.Final/netty-codec-http-4.1.84.Final.jar:/Users/filip/.m2/repository/io/netty/netty-codec/4.1.84.Final/netty-codec-4.1.84.Final.jar:/Users/filip/.m2/repository/io/netty/netty-handler/4.1.84.Final/netty-handler-4.1.84.Final.jar:/Users/filip/.m2/repository/io/netty/netty-common/4.1.84.Final/netty-common-4.1.84.Final.jar:/Users/filip/.m2/repository/io/netty/netty-transport-classes-epoll/4.1.84.Final/netty-transport-classes-epoll-4.1.84.Final.jar:/Users/filip/.m2/repository/io/netty/netty-transport-classes-kqueue/4.1.84.Final/netty-transport-classes-kqueue-4.1.84.Final.jar:/Users/filip/.m2/repository/io/netty/netty-transport-native-epoll/4.1.84.Final/netty-transport-native-epoll-4.1.84.Final.jar:/Users/filip/.m2/repository/io/netty/netty-transport-native-kqueue/4.1.84.Final/netty-transport-native-kqueue-4.1.84.Final.jar:/Users/filip/.m2/repository/io/netty/netty-transport-native-unix-common/4.1.84.Final/netty-transport-native-unix-common-4.1.84.Final.jar:/Users/filip/.m2/repository/io/netty/netty-transport/4.1.84.Final/netty-transport-4.1.84.Final.jar:/Users/filip/.m2/repository/io/netty/netty-resolver/4.1.84.Final/netty-resolver-4.1.84.Final.jar:/Users/filip/.m2/repository/io/opentelemetry/opentelemetry-api/1.19.0/opentelemetry-api-1.19.0.jar:/Users/filip/.m2/repository/io/opentelemetry/opentelemetry-context/1.19.0/opentelemetry-context-1.19.0.jar:/Users/filip/.m2/repository/io/opentelemetry/opentelemetry-exporter-logging/1.19.0/opentelemetry-exporter-logging-1.19.0.jar:/Users/filip/.m2/repository/io/opentelemetry/opentelemetry-sdk-metrics/1.19.0/opentelemetry-sdk-metrics-1.19.0.jar:/Users/filip/.m2/repository/io/opentelemetry/opentelemetry-sdk-logs/1.19.0-alpha/opentelemetry-sdk-logs-1.19.0-alpha.jar:/Users/filip/.m2/repository/io/opentelemetry/opentelemetry-api-logs/1.19.0-alpha/opentelemetry-api-logs-1.19.0-alpha.jar:/Users/filip/.m2/repository/io/opentelemetry/opentelemetry-sdk-common/1.19.0/opentelemetry-sdk-common-1.19.0.jar:/Users/filip/.m2/repository/io/opentelemetry/opentelemetry-sdk-extension-autoconfigure-spi/1.19.0/opentelemetry-sdk-extension-autoconfigure-spi-1.19.0.jar:/Users/filip/.m2/repository/io/opentelemetry/opentelemetry-sdk-extension-autoconfigure/1.19.0-alpha/opentelemetry-sdk-extension-autoconfigure-1.19.0-alpha.jar:/Users/filip/.m2/repository/io/opentelemetry/opentelemetry-exporter-common/1.19.0/opentelemetry-exporter-common-1.19.0.jar:/Users/filip/.m2/repository/io/opentelemetry/opentelemetry-sdk-trace/1.19.0/opentelemetry-sdk-trace-1.19.0.jar:/Users/filip/.m2/repository/io/opentelemetry/opentelemetry-sdk/1.19.0/opentelemetry-sdk-1.19.0.jar:/Users/filip/.m2/repository/io/opentelemetry/opentelemetry-semconv/1.19.0-alpha/opentelemetry-semconv-1.19.0-alpha.jar:/Users/filip/.m2/repository/io/ous/jtoml/2.0.0/jtoml-2.0.0.jar:/Users/filip/.m2/repository/net/bytebuddy/byte-buddy/1.12.18/byte-buddy-1.12.18.jar:/Users/filip/.m2/repository/org/apache/commons/commons-exec/1.3/commons-exec-1.3.jar:/Users/filip/.m2/repository/org/asynchttpclient/async-http-client/2.12.3/async-http-client-2.12.3.jar:/Users/filip/.m2/repository/org/asynchttpclient/async-http-client-netty-utils/2.12.3/async-http-client-netty-utils-2.12.3.jar:/Users/filip/.m2/repository/io/netty/netty-codec-socks/4.1.60.Final/netty-codec-socks-4.1.60.Final.jar:/Users/filip/.m2/repository/io/netty/netty-handler-proxy/4.1.60.Final/netty-handler-proxy-4.1.60.Final.jar:/Users/filip/.m2/repository/io/netty/netty-transport-native-epoll/4.1.60.Final/netty-transport-native-epoll-4.1.60.Final-linux-x86_64.jar:/Users/filip/.m2/repository/io/netty/netty-transport-native-kqueue/4.1.60.Final/netty-transport-native-kqueue-4.1.60.Final-osx-x86_64.jar:/Users/filip/.m2/repository/com/typesafe/netty/netty-reactive-streams/2.0.4/netty-reactive-streams-2.0.4.jar:/Users/filip/.m2/repository/com/sun/activation/jakarta.activation/1.2.2/jakarta.activation-1.2.2.jar:/Users/filip/.m2/repository/org/seleniumhq/selenium/selenium-http/4.6.0/selenium-http-4.6.0.jar:/Users/filip/.m2/repository/dev/failsafe/failsafe/3.3.0/failsafe-3.3.0.jar:/Users/filip/.m2/repository/org/seleniumhq/selenium/selenium-manager/4.6.0/selenium-manager-4.6.0.jar:/Users/filip/.m2/repository/org/seleniumhq/selenium/selenium-safari-driver/4.6.0/selenium-safari-driver-4.6.0.jar:/Users/filip/.m2/repository/org/seleniumhq/selenium/selenium-support/4.6.0/selenium-support-4.6.0.jar:/Users/filip/.m2/repository/com/codeborne/selenide/6.10.1/selenide-6.10.1.jar:/Users/filip/.m2/repository/org/slf4j/slf4j-api/2.0.4/slf4j-api-2.0.4.jar:/Users/filip/.m2/repository/com/codeborne/selenide-core/6.10.1/selenide-core-6.10.1.jar:/Users/filip/.m2/repository/org/opentest4j/opentest4j/1.2.0/opentest4j-1.2.0.jar:/Users/filip/.m2/repository/io/github/bonigarcia/webdrivermanager/5.3.1/webdrivermanager-5.3.1.jar:/Users/filip/.m2/repository/org/brotli/dec/0.1.2/dec-0.1.2.jar:/Users/filip/.m2/repository/org/apache/commons/commons-compress/1.22/commons-compress-1.22.jar:/Users/filip/.m2/repository/org/apache/httpcomponents/client5/httpclient5/5.2/httpclient5-5.2.jar:/Users/filip/.m2/repository/org/apache/httpcomponents/core5/httpcore5/5.2/httpcore5-5.2.jar:/Users/filip/.m2/repository/org/apache/httpcomponents/core5/httpcore5-h2/5.2/httpcore5-h2-5.2.jar:/Users/filip/.m2/repository/com/google/guava/guava/31.1-jre/guava-31.1-jre.jar:/Users/filip/.m2/repository/com/google/guava/failureaccess/1.0.1/failureaccess-1.0.1.jar:/Users/filip/.m2/repository/com/google/guava/listenablefuture/9999.0-empty-to-avoid-conflict-with-guava/listenablefuture-9999.0-empty-to-avoid-conflict-with-guava.jar:/Users/filip/.m2/repository/org/checkerframework/checker-qual/3.12.0/checker-qual-3.12.0.jar:/Users/filip/.m2/repository/com/google/errorprone/error_prone_annotations/2.11.0/error_prone_annotations-2.11.0.jar:/Users/filip/.m2/repository/com/google/j2objc/j2objc-annotations/1.3/j2objc-annotations-1.3.jar:/Users/filip/.m2/repository/org/apache/commons/commons-lang3/3.12.0/commons-lang3-3.12.0.jar:/Users/filip/.m2/repository/commons-io/commons-io/2.11.0/commons-io-2.11.0.jar:"/>
    <property name="java.vm.vendor" value="Amazon.com Inc."/>
    <property name="sun.arch.data.model" value="64"/>
    <property name="java.vendor.url" value="https://aws.amazon.com/corretto/"/>
    <property name="user.timezone" value="Europe/Bratislava"/>
    <property name="os.name" value="Mac OS X"/>
    <property name="java.vm.specification.version" value="18"/>
    <property name="sun.java.launcher" value="SUN_STANDARD"/>
    <property name="user.country" value="SK"/>
    <property name="sun.boot.library.path" value="/Library/Java/JavaVirtualMachines/amazon-corretto-18.jdk/Contents/Home/lib"/>
    <property name="sun.java.command" value="/Users/filip/IntelliJ projects/RahulUdemy/target/surefire/surefirebooter-20221212225803511_3.jar /Users/filip/IntelliJ projects/RahulUdemy/target/surefire 2022-12-12T22-58-03_415-jvmRun1 surefire-20221212225803511_1tmp surefire_0-20221212225803511_2tmp"/>
    <property name="http.nonProxyHosts" value="local|*.local|169.254/16|*.169.254/16"/>
    <property name="jdk.debug" value="release"/>
    <property name="surefire.test.class.path" value="/Users/filip/IntelliJ projects/RahulUdemy/target/test-classes:/Users/filip/IntelliJ projects/RahulUdemy/target/classes:/Users/filip/.m2/repository/io/cucumber/cucumber-java/7.9.0/cucumber-java-7.9.0.jar:/Users/filip/.m2/repository/io/cucumber/cucumber-core/7.9.0/cucumber-core-7.9.0.jar:/Users/filip/.m2/repository/io/cucumber/cucumber-gherkin/7.9.0/cucumber-gherkin-7.9.0.jar:/Users/filip/.m2/repository/io/cucumber/cucumber-gherkin-messages/7.9.0/cucumber-gherkin-messages-7.9.0.jar:/Users/filip/.m2/repository/io/cucumber/gherkin/24.1.0/gherkin-24.1.0.jar:/Users/filip/.m2/repository/io/cucumber/messages/19.1.4/messages-19.1.4.jar:/Users/filip/.m2/repository/io/cucumber/tag-expressions/4.1.0/tag-expressions-4.1.0.jar:/Users/filip/.m2/repository/io/cucumber/cucumber-expressions/16.0.0/cucumber-expressions-16.0.0.jar:/Users/filip/.m2/repository/io/cucumber/datatable/7.9.0/datatable-7.9.0.jar:/Users/filip/.m2/repository/io/cucumber/cucumber-plugin/7.9.0/cucumber-plugin-7.9.0.jar:/Users/filip/.m2/repository/io/cucumber/docstring/7.9.0/docstring-7.9.0.jar:/Users/filip/.m2/repository/io/cucumber/html-formatter/20.1.0/html-formatter-20.1.0.jar:/Users/filip/.m2/repository/io/cucumber/ci-environment/9.1.0/ci-environment-9.1.0.jar:/Users/filip/.m2/repository/org/apiguardian/apiguardian-api/1.1.2/apiguardian-api-1.1.2.jar:/Users/filip/.m2/repository/io/cucumber/cucumber-testng/7.9.0/cucumber-testng-7.9.0.jar:/Users/filip/.m2/repository/org/testng/testng/7.6.1/testng-7.6.1.jar:/Users/filip/.m2/repository/com/google/code/findbugs/jsr305/3.0.2/jsr305-3.0.2.jar:/Users/filip/.m2/repository/com/beust/jcommander/1.82/jcommander-1.82.jar:/Users/filip/.m2/repository/org/webjars/jquery/3.6.0/jquery-3.6.0.jar:/Users/filip/.m2/repository/io/cucumber/cucumber-picocontainer/7.9.0/cucumber-picocontainer-7.9.0.jar:/Users/filip/.m2/repository/org/picocontainer/picocontainer/2.15/picocontainer-2.15.jar:/Users/filip/.m2/repository/com/aventstack/extentreports/5.0.9/extentreports-5.0.9.jar:/Users/filip/.m2/repository/io/reactivex/rxjava3/rxjava/3.0.4/rxjava-3.0.4.jar:/Users/filip/.m2/repository/org/reactivestreams/reactive-streams/1.0.3/reactive-streams-1.0.3.jar:/Users/filip/.m2/repository/org/freemarker/freemarker/2.3.30/freemarker-2.3.30.jar:/Users/filip/.m2/repository/com/google/code/gson/gson/2.8.6/gson-2.8.6.jar:/Users/filip/.m2/repository/tech/grasshopper/extentreports-cucumber7-adapter/1.9.1/extentreports-cucumber7-adapter-1.9.1.jar:/Users/filip/.m2/repository/tech/grasshopper/extent-pdf-report/2.9.1/extent-pdf-report-2.9.1.jar:/Users/filip/.m2/repository/tech/grasshopper/cucumber-pdf-report/2.11.1/cucumber-pdf-report-2.11.1.jar:/Users/filip/.m2/repository/org/apache/pdfbox/pdfbox/2.0.26/pdfbox-2.0.26.jar:/Users/filip/.m2/repository/org/apache/pdfbox/fontbox/2.0.26/fontbox-2.0.26.jar:/Users/filip/.m2/repository/org/knowm/xchart/xchart/3.8.0/xchart-3.8.0.jar:/Users/filip/.m2/repository/de/erichseifert/vectorgraphics2d/VectorGraphics2D/0.13/VectorGraphics2D-0.13.jar:/Users/filip/.m2/repository/de/rototor/pdfbox/graphics2d/0.30/graphics2d-0.30.jar:/Users/filip/.m2/repository/com/madgag/animated-gif-lib/1.4/animated-gif-lib-1.4.jar:/Users/filip/.m2/repository/org/yaml/snakeyaml/1.28/snakeyaml-1.28.jar:/Users/filip/.m2/repository/tech/grasshopper/table-layout/1.5.1/table-layout-1.5.1.jar:/Users/filip/.m2/repository/tech/grasshopper/rest-assured-cucumber-pdf-report/1.4.1/rest-assured-cucumber-pdf-report-1.4.1.jar:/Users/filip/.m2/repository/org/jsoup/jsoup/1.15.3/jsoup-1.15.3.jar:/Users/filip/.m2/repository/com/aventstack/klov-reporter/5.0.9/klov-reporter-5.0.9.jar:/Users/filip/.m2/repository/org/mongodb/mongodb-driver/3.6.4/mongodb-driver-3.6.4.jar:/Users/filip/.m2/repository/org/mongodb/mongodb-driver-core/3.6.4/mongodb-driver-core-3.6.4.jar:/Users/filip/.m2/repository/org/mongodb/bson/3.6.4/bson-3.6.4.jar:/Users/filip/.m2/repository/org/apache/httpcomponents/httpclient/4.5.13/httpclient-4.5.13.jar:/Users/filip/.m2/repository/org/apache/httpcomponents/httpcore/4.4.13/httpcore-4.4.13.jar:/Users/filip/.m2/repository/commons-logging/commons-logging/1.2/commons-logging-1.2.jar:/Users/filip/.m2/repository/commons-codec/commons-codec/1.11/commons-codec-1.11.jar:/Users/filip/.m2/repository/org/apache/httpcomponents/httpmime/4.5.13/httpmime-4.5.13.jar:/Users/filip/.m2/repository/tech/grasshopper/htmlextentreporter/1.0.1/htmlextentreporter-1.0.1.jar:/Users/filip/.m2/repository/org/projectlombok/lombok/1.18.24/lombok-1.18.24.jar:/Users/filip/.m2/repository/org/seleniumhq/selenium/selenium-java/4.6.0/selenium-java-4.6.0.jar:/Users/filip/.m2/repository/org/seleniumhq/selenium/selenium-api/4.6.0/selenium-api-4.6.0.jar:/Users/filip/.m2/repository/org/seleniumhq/selenium/selenium-chrome-driver/4.6.0/selenium-chrome-driver-4.6.0.jar:/Users/filip/.m2/repository/com/google/auto/service/auto-service-annotations/1.0.1/auto-service-annotations-1.0.1.jar:/Users/filip/.m2/repository/com/google/auto/service/auto-service/1.0.1/auto-service-1.0.1.jar:/Users/filip/.m2/repository/com/google/auto/auto-common/1.2/auto-common-1.2.jar:/Users/filip/.m2/repository/org/seleniumhq/selenium/selenium-chromium-driver/4.6.0/selenium-chromium-driver-4.6.0.jar:/Users/filip/.m2/repository/org/seleniumhq/selenium/selenium-json/4.6.0/selenium-json-4.6.0.jar:/Users/filip/.m2/repository/org/seleniumhq/selenium/selenium-devtools-v105/4.6.0/selenium-devtools-v105-4.6.0.jar:/Users/filip/.m2/repository/org/seleniumhq/selenium/selenium-devtools-v106/4.6.0/selenium-devtools-v106-4.6.0.jar:/Users/filip/.m2/repository/org/seleniumhq/selenium/selenium-devtools-v107/4.6.0/selenium-devtools-v107-4.6.0.jar:/Users/filip/.m2/repository/org/seleniumhq/selenium/selenium-devtools-v85/4.6.0/selenium-devtools-v85-4.6.0.jar:/Users/filip/.m2/repository/org/seleniumhq/selenium/selenium-edge-driver/4.6.0/selenium-edge-driver-4.6.0.jar:/Users/filip/.m2/repository/org/seleniumhq/selenium/selenium-firefox-driver/4.6.0/selenium-firefox-driver-4.6.0.jar:/Users/filip/.m2/repository/org/seleniumhq/selenium/selenium-ie-driver/4.6.0/selenium-ie-driver-4.6.0.jar:/Users/filip/.m2/repository/org/seleniumhq/selenium/selenium-remote-driver/4.6.0/selenium-remote-driver-4.6.0.jar:/Users/filip/.m2/repository/io/netty/netty-buffer/4.1.84.Final/netty-buffer-4.1.84.Final.jar:/Users/filip/.m2/repository/io/netty/netty-codec-http/4.1.84.Final/netty-codec-http-4.1.84.Final.jar:/Users/filip/.m2/repository/io/netty/netty-codec/4.1.84.Final/netty-codec-4.1.84.Final.jar:/Users/filip/.m2/repository/io/netty/netty-handler/4.1.84.Final/netty-handler-4.1.84.Final.jar:/Users/filip/.m2/repository/io/netty/netty-common/4.1.84.Final/netty-common-4.1.84.Final.jar:/Users/filip/.m2/repository/io/netty/netty-transport-classes-epoll/4.1.84.Final/netty-transport-classes-epoll-4.1.84.Final.jar:/Users/filip/.m2/repository/io/netty/netty-transport-classes-kqueue/4.1.84.Final/netty-transport-classes-kqueue-4.1.84.Final.jar:/Users/filip/.m2/repository/io/netty/netty-transport-native-epoll/4.1.84.Final/netty-transport-native-epoll-4.1.84.Final.jar:/Users/filip/.m2/repository/io/netty/netty-transport-native-kqueue/4.1.84.Final/netty-transport-native-kqueue-4.1.84.Final.jar:/Users/filip/.m2/repository/io/netty/netty-transport-native-unix-common/4.1.84.Final/netty-transport-native-unix-common-4.1.84.Final.jar:/Users/filip/.m2/repository/io/netty/netty-transport/4.1.84.Final/netty-transport-4.1.84.Final.jar:/Users/filip/.m2/repository/io/netty/netty-resolver/4.1.84.Final/netty-resolver-4.1.84.Final.jar:/Users/filip/.m2/repository/io/opentelemetry/opentelemetry-api/1.19.0/opentelemetry-api-1.19.0.jar:/Users/filip/.m2/repository/io/opentelemetry/opentelemetry-context/1.19.0/opentelemetry-context-1.19.0.jar:/Users/filip/.m2/repository/io/opentelemetry/opentelemetry-exporter-logging/1.19.0/opentelemetry-exporter-logging-1.19.0.jar:/Users/filip/.m2/repository/io/opentelemetry/opentelemetry-sdk-metrics/1.19.0/opentelemetry-sdk-metrics-1.19.0.jar:/Users/filip/.m2/repository/io/opentelemetry/opentelemetry-sdk-logs/1.19.0-alpha/opentelemetry-sdk-logs-1.19.0-alpha.jar:/Users/filip/.m2/repository/io/opentelemetry/opentelemetry-api-logs/1.19.0-alpha/opentelemetry-api-logs-1.19.0-alpha.jar:/Users/filip/.m2/repository/io/opentelemetry/opentelemetry-sdk-common/1.19.0/opentelemetry-sdk-common-1.19.0.jar:/Users/filip/.m2/repository/io/opentelemetry/opentelemetry-sdk-extension-autoconfigure-spi/1.19.0/opentelemetry-sdk-extension-autoconfigure-spi-1.19.0.jar:/Users/filip/.m2/repository/io/opentelemetry/opentelemetry-sdk-extension-autoconfigure/1.19.0-alpha/opentelemetry-sdk-extension-autoconfigure-1.19.0-alpha.jar:/Users/filip/.m2/repository/io/opentelemetry/opentelemetry-exporter-common/1.19.0/opentelemetry-exporter-common-1.19.0.jar:/Users/filip/.m2/repository/io/opentelemetry/opentelemetry-sdk-trace/1.19.0/opentelemetry-sdk-trace-1.19.0.jar:/Users/filip/.m2/repository/io/opentelemetry/opentelemetry-sdk/1.19.0/opentelemetry-sdk-1.19.0.jar:/Users/filip/.m2/repository/io/opentelemetry/opentelemetry-semconv/1.19.0-alpha/opentelemetry-semconv-1.19.0-alpha.jar:/Users/filip/.m2/repository/io/ous/jtoml/2.0.0/jtoml-2.0.0.jar:/Users/filip/.m2/repository/net/bytebuddy/byte-buddy/1.12.18/byte-buddy-1.12.18.jar:/Users/filip/.m2/repository/org/apache/commons/commons-exec/1.3/commons-exec-1.3.jar:/Users/filip/.m2/repository/org/asynchttpclient/async-http-client/2.12.3/async-http-client-2.12.3.jar:/Users/filip/.m2/repository/org/asynchttpclient/async-http-client-netty-utils/2.12.3/async-http-client-netty-utils-2.12.3.jar:/Users/filip/.m2/repository/io/netty/netty-codec-socks/4.1.60.Final/netty-codec-socks-4.1.60.Final.jar:/Users/filip/.m2/repository/io/netty/netty-handler-proxy/4.1.60.Final/netty-handler-proxy-4.1.60.Final.jar:/Users/filip/.m2/repository/io/netty/netty-transport-native-epoll/4.1.60.Final/netty-transport-native-epoll-4.1.60.Final-linux-x86_64.jar:/Users/filip/.m2/repository/io/netty/netty-transport-native-kqueue/4.1.60.Final/netty-transport-native-kqueue-4.1.60.Final-osx-x86_64.jar:/Users/filip/.m2/repository/com/typesafe/netty/netty-reactive-streams/2.0.4/netty-reactive-streams-2.0.4.jar:/Users/filip/.m2/repository/com/sun/activation/jakarta.activation/1.2.2/jakarta.activation-1.2.2.jar:/Users/filip/.m2/repository/org/seleniumhq/selenium/selenium-http/4.6.0/selenium-http-4.6.0.jar:/Users/filip/.m2/repository/dev/failsafe/failsafe/3.3.0/failsafe-3.3.0.jar:/Users/filip/.m2/repository/org/seleniumhq/selenium/selenium-manager/4.6.0/selenium-manager-4.6.0.jar:/Users/filip/.m2/repository/org/seleniumhq/selenium/selenium-safari-driver/4.6.0/selenium-safari-driver-4.6.0.jar:/Users/filip/.m2/repository/org/seleniumhq/selenium/selenium-support/4.6.0/selenium-support-4.6.0.jar:/Users/filip/.m2/repository/com/codeborne/selenide/6.10.1/selenide-6.10.1.jar:/Users/filip/.m2/repository/org/slf4j/slf4j-api/2.0.4/slf4j-api-2.0.4.jar:/Users/filip/.m2/repository/com/codeborne/selenide-core/6.10.1/selenide-core-6.10.1.jar:/Users/filip/.m2/repository/org/opentest4j/opentest4j/1.2.0/opentest4j-1.2.0.jar:/Users/filip/.m2/repository/io/github/bonigarcia/webdrivermanager/5.3.1/webdrivermanager-5.3.1.jar:/Users/filip/.m2/repository/org/brotli/dec/0.1.2/dec-0.1.2.jar:/Users/filip/.m2/repository/org/apache/commons/commons-compress/1.22/commons-compress-1.22.jar:/Users/filip/.m2/repository/org/apache/httpcomponents/client5/httpclient5/5.2/httpclient5-5.2.jar:/Users/filip/.m2/repository/org/apache/httpcomponents/core5/httpcore5/5.2/httpcore5-5.2.jar:/Users/filip/.m2/repository/org/apache/httpcomponents/core5/httpcore5-h2/5.2/httpcore5-h2-5.2.jar:/Users/filip/.m2/repository/com/google/guava/guava/31.1-jre/guava-31.1-jre.jar:/Users/filip/.m2/repository/com/google/guava/failureaccess/1.0.1/failureaccess-1.0.1.jar:/Users/filip/.m2/repository/com/google/guava/listenablefuture/9999.0-empty-to-avoid-conflict-with-guava/listenablefuture-9999.0-empty-to-avoid-conflict-with-guava.jar:/Users/filip/.m2/repository/org/checkerframework/checker-qual/3.12.0/checker-qual-3.12.0.jar:/Users/filip/.m2/repository/com/google/errorprone/error_prone_annotations/2.11.0/error_prone_annotations-2.11.0.jar:/Users/filip/.m2/repository/com/google/j2objc/j2objc-annotations/1.3/j2objc-annotations-1.3.jar:/Users/filip/.m2/repository/org/apache/commons/commons-lang3/3.12.0/commons-lang3-3.12.0.jar:/Users/filip/.m2/repository/commons-io/commons-io/2.11.0/commons-io-2.11.0.jar:"/>
    <property name="sun.cpu.endian" value="little"/>
    <property name="user.home" value="/Users/filip"/>
    <property name="user.language" value="sk"/>
    <property name="java.specification.vendor" value="Oracle Corporation"/>
    <property name="java.version.date" value="2022-07-19"/>
    <property name="java.home" value="/Library/Java/JavaVirtualMachines/amazon-corretto-18.jdk/Contents/Home"/>
    <property name="file.separator" value="/"/>
    <property name="basedir" value="/Users/filip/IntelliJ projects/RahulUdemy"/>
    <property name="java.vm.compressedOopsMode" value="Zero based"/>
    <property name="line.separator" value="&#10;"/>
    <property name="java.vm.specification.vendor" value="Oracle Corporation"/>
    <property name="java.specification.name" value="Java Platform API Specification"/>
    <property name="apple.awt.application.name" value="ForkedBooter"/>
    <property name="surefire.real.class.path" value="/Users/filip/IntelliJ projects/RahulUdemy/target/surefire/surefirebooter-20221212225803511_3.jar"/>
    <property name="sun.management.compiler" value="HotSpot 64-Bit Tiered Compilers"/>
    <property name="ftp.nonProxyHosts" value="local|*.local|169.254/16|*.169.254/16"/>
    <property name="java.runtime.version" value="18.0.2+9-FR"/>
    <property name="user.name" value="filip"/>
    <property name="path.separator" value=":"/>
    <property name="os.version" value="13.0.1"/>
    <property name="java.runtime.name" value="OpenJDK Runtime Environment"/>
    <property name="file.encoding" value="UTF-8"/>
    <property name="browser" value="safari"/>
    <property name="java.vm.name" value="OpenJDK 64-Bit Server VM"/>
    <property name="java.vendor.version" value="Corretto-18.0.2.9.1"/>
    <property name="localRepository" value="/Users/filip/.m2/repository"/>
    <property name="java.vendor.url.bug" value="https://github.com/corretto/corretto-18/issues/"/>
    <property name="java.io.tmpdir" value="/var/folders/y9/9g5c_vf166jgq79njx5nxdk00000gn/T/"/>
    <property name="java.version" value="18.0.2"/>
    <property name="user.dir" value="/Users/filip/IntelliJ projects/RahulUdemy"/>
    <property name="os.arch" value="aarch64"/>
    <property name="java.vm.specification.name" value="Java Virtual Machine Specification"/>
    <property name="env" value="test"/>
    <property name="native.encoding" value="UTF-8"/>
    <property name="java.library.path" value="/Users/filip/Library/Java/Extensions:/Library/Java/Extensions:/Network/Library/Java/Extensions:/System/Library/Java/Extensions:/usr/lib/java:."/>
    <property name="java.vm.info" value="mixed mode, sharing"/>
    <property name="java.vendor" value="Amazon.com Inc."/>
    <property name="java.vm.version" value="18.0.2+9-FR"/>
    <property name="sun.io.unicode.encoding" value="UnicodeBig"/>
    <property name="socksNonProxyHosts" value="local|*.local|169.254/16|*.169.254/16"/>
    <property name="java.class.version" value="62.0"/>
    <property name="webdriver.http.factory" value="selenide-netty-client-factory"/>
  </properties>
  <testcase name="runScenario[&quot;Select date from datepicker&quot;, &quot;Path2Usa Tests&quot;](1)" classname="testRunners.CucumberTestNGRunner" time="0.156">
    <failure message="Conflicting browser name: &apos;safari&apos; vs. &apos;chrome&apos;" type="java.lang.IllegalArgumentException"><![CDATA[java.lang.IllegalArgumentException: Conflicting browser name: 'safari' vs. 'chrome'
	at com.codeborne.selenide.webdriver.AbstractDriverFactory.verifyItsSameBrowser(AbstractDriverFactory.java:94)
	at com.codeborne.selenide.webdriver.AbstractDriverFactory.merge(AbstractDriverFactory.java:88)
	at com.codeborne.selenide.webdriver.AbstractDriverFactory.createCommonCapabilities(AbstractDriverFactory.java:81)
	at com.codeborne.selenide.webdriver.SafariDriverFactory.createCapabilities(SafariDriverFactory.java:50)
	at com.codeborne.selenide.webdriver.SafariDriverFactory.create(SafariDriverFactory.java:30)
	at com.codeborne.selenide.webdriver.WebDriverFactory.createWebDriverInstance(WebDriverFactory.java:119)
	at com.codeborne.selenide.webdriver.WebDriverFactory.createWebDriver(WebDriverFactory.java:67)
	at com.codeborne.selenide.drivercommands.CreateDriverCommand.lambda$createDriver$0(CreateDriverCommand.java:76)
	at com.codeborne.selenide.logevents.SelenideLogger.get(SelenideLogger.java:166)
	at com.codeborne.selenide.drivercommands.CreateDriverCommand.createDriver(CreateDriverCommand.java:52)
	at com.codeborne.selenide.impl.WebDriverThreadLocalContainer.createDriver(WebDriverThreadLocalContainer.java:180)
	at com.codeborne.selenide.impl.WebDriverThreadLocalContainer.getAndCheckWebDriver(WebDriverThreadLocalContainer.java:149)
	at com.codeborne.selenide.WebDriverRunner.getAndCheckWebDriver(WebDriverRunner.java:130)
	at com.codeborne.selenide.impl.StaticDriver.getAndCheckWebDriver(StaticDriver.java:65)
	at com.codeborne.selenide.SelenideDriver.getAndCheckWebDriver(SelenideDriver.java:220)
	at com.codeborne.selenide.drivercommands.Navigator.lambda$navigateTo$0(Navigator.java:72)
	at com.codeborne.selenide.logevents.SelenideLogger.run(SelenideLogger.java:153)
	at com.codeborne.selenide.drivercommands.Navigator.navigateTo(Navigator.java:70)
	at com.codeborne.selenide.drivercommands.Navigator.open(Navigator.java:32)
	at com.codeborne.selenide.SelenideDriver.open(SelenideDriver.java:101)
	at com.codeborne.selenide.Selenide.open(Selenide.java:52)
	at steps.SharedStepsDefinition.i_open_something_page(SharedStepsDefinition.java:44)
	at ✽.I open "Path2Usa" page(file:///Users/filip/IntelliJ%20projects/RahulUdemy/src/test/java/features/Path2UsaTests.feature:4)
]]></failure>
    <system-out><![CDATA[
Scenario: Select date from datepicker                                  # src/test/java/features/Path2UsaTests.feature:3
  Given I open "Path2Usa" page                                         # steps.SharedStepsDefinition.i_open_something_page(java.lang.String)
      java.lang.IllegalArgumentException: Conflicting browser name: 'safari' vs. 'chrome'
	at com.codeborne.selenide.webdriver.AbstractDriverFactory.verifyItsSameBrowser(AbstractDriverFactory.java:94)
	at com.codeborne.selenide.webdriver.AbstractDriverFactory.merge(AbstractDriverFactory.java:88)
	at com.codeborne.selenide.webdriver.AbstractDriverFactory.createCommonCapabilities(AbstractDriverFactory.java:81)
	at com.codeborne.selenide.webdriver.SafariDriverFactory.createCapabilities(SafariDriverFactory.java:50)
	at com.codeborne.selenide.webdriver.SafariDriverFactory.create(SafariDriverFactory.java:30)
	at com.codeborne.selenide.webdriver.WebDriverFactory.createWebDriverInstance(WebDriverFactory.java:119)
	at com.codeborne.selenide.webdriver.WebDriverFactory.createWebDriver(WebDriverFactory.java:67)
	at com.codeborne.selenide.drivercommands.CreateDriverCommand.lambda$createDriver$0(CreateDriverCommand.java:76)
	at com.codeborne.selenide.logevents.SelenideLogger.get(SelenideLogger.java:166)
	at com.codeborne.selenide.drivercommands.CreateDriverCommand.createDriver(CreateDriverCommand.java:52)
	at com.codeborne.selenide.impl.WebDriverThreadLocalContainer.createDriver(WebDriverThreadLocalContainer.java:180)
	at com.codeborne.selenide.impl.WebDriverThreadLocalContainer.getAndCheckWebDriver(WebDriverThreadLocalContainer.java:149)
	at com.codeborne.selenide.WebDriverRunner.getAndCheckWebDriver(WebDriverRunner.java:130)
	at com.codeborne.selenide.impl.StaticDriver.getAndCheckWebDriver(StaticDriver.java:65)
	at com.codeborne.selenide.SelenideDriver.getAndCheckWebDriver(SelenideDriver.java:220)
	at com.codeborne.selenide.drivercommands.Navigator.lambda$navigateTo$0(Navigator.java:72)
	at com.codeborne.selenide.logevents.SelenideLogger.run(SelenideLogger.java:153)
	at com.codeborne.selenide.drivercommands.Navigator.navigateTo(Navigator.java:70)
	at com.codeborne.selenide.drivercommands.Navigator.open(Navigator.java:32)
	at com.codeborne.selenide.SelenideDriver.open(SelenideDriver.java:101)
	at com.codeborne.selenide.Selenide.open(Selenide.java:52)
	at steps.SharedStepsDefinition.i_open_something_page(SharedStepsDefinition.java:44)
	at ✽.I open "Path2Usa" page(file:///Users/filip/IntelliJ%20projects/RahulUdemy/src/test/java/features/Path2UsaTests.feature:4)

      java.lang.NullPointerException: Cannot invoke "String.getBytes(java.nio.charset.Charset)" because "src" is null
	at java.base/java.util.Base64$Decoder.decode(Base64.java:589)
	at utilities.GenericUtils.takeScreenshot(GenericUtils.java:52)
	at hooks.Hooks.getScreenshotOnFailure(Hooks.java:38)

  When I click on "Date of travel" field                               # steps.Path2UsaStepsDefinition.i_click_on_something_field(java.lang.String)
  Then I see "Datepicker" element should be "visible" on Path2Usa page # steps.Path2UsaStepsDefinition.i_see_something_element_should_be_something_on_path2usa_page(java.lang.String,java.lang.String)
  And I select "2023" as a departure year on Path2Usa page             # steps.Path2UsaStepsDefinition.i_select_something_as_a_departure_year_on_path2usa_page(java.lang.String)
  And I select "September" as a departure month on Path2Usa page       # steps.Path2UsaStepsDefinition.i_select_something_as_a_departure_month_on_path2usa_page(java.lang.String)
  And I select "22" as a departure day                                 # steps.Path2UsaStepsDefinition.i_select_something_as_a_departure_day(java.lang.String)
  Then I see "Date of travel" field should have value "09/22/2023"     # steps.Path2UsaStepsDefinition.i_see_something_field_should_have_value_something(java.lang.String,java.lang.String)
]]></system-out>
    <system-err><![CDATA[SLF4J: No SLF4J providers were found.
SLF4J: Defaulting to no-operation (NOP) logger implementation
SLF4J: See https://www.slf4j.org/codes.html#noProviders for further details.
]]></system-err>
  </testcase>
</testsuite>