<?xml version="1.0" encoding="UTF-8"?>
<testsuite xmlns:xsi="http://www.w3.org/2001/XMLSchema-instance" xsi:noNamespaceSchemaLocation="https://maven.apache.org/surefire/maven-surefire-plugin/xsd/surefire-test-report-3.0.xsd" version="3.0" name="TestSuite" time="21.651" tests="1" errors="0" skipped="0" failures="0">
  <properties>
    <property name="java.specification.version" value="18"/>
    <property name="webdriver.chrome.driver" value="/Users/filip/.cache/selenium/chromedriver/mac-arm64/108.0.5359.71/chromedriver"/>
    <property name="sun.jnu.encoding" value="UTF-8"/>
    <property name="java.class.path" value="/opt/homebrew/Cellar/maven/3.8.6/libexec/boot/plexus-classworlds-2.6.0.jar"/>
    <property name="forkCount" value="0"/>
    <property name="java.vm.vendor" value="Amazon.com Inc."/>
    <property name="sun.arch.data.model" value="64"/>
    <property name="java.vendor.url" value="https://aws.amazon.com/corretto/"/>
    <property name="user.timezone" value="Europe/Bratislava"/>
    <property name="maven.conf" value="/opt/homebrew/Cellar/maven/3.8.6/libexec/conf"/>
    <property name="java.vm.specification.version" value="18"/>
    <property name="os.name" value="Mac OS X"/>
    <property name="sun.java.launcher" value="SUN_STANDARD"/>
    <property name="user.country" value="SK"/>
    <property name="sun.boot.library.path" value="/Library/Java/JavaVirtualMachines/amazon-corretto-18.jdk/Contents/Home/lib"/>
    <property name="sun.java.command" value="org.codehaus.plexus.classworlds.launcher.Launcher test -Dbrowser=chrome -Denv=test -DforkCount=0"/>
    <property name="http.nonProxyHosts" value="local|*.local|169.254/16|*.169.254/16"/>
    <property name="jdk.debug" value="release"/>
    <property name="maven.home" value="/opt/homebrew/Cellar/maven/3.8.6/libexec"/>
    <property name="surefire.test.class.path" value="/Users/filip/IntelliJ projects/RahulUdemy/target/test-classes:/Users/filip/IntelliJ projects/RahulUdemy/target/classes:/Users/filip/.m2/repository/io/cucumber/cucumber-java/7.9.0/cucumber-java-7.9.0.jar:/Users/filip/.m2/repository/io/cucumber/cucumber-core/7.9.0/cucumber-core-7.9.0.jar:/Users/filip/.m2/repository/io/cucumber/cucumber-gherkin/7.9.0/cucumber-gherkin-7.9.0.jar:/Users/filip/.m2/repository/io/cucumber/cucumber-gherkin-messages/7.9.0/cucumber-gherkin-messages-7.9.0.jar:/Users/filip/.m2/repository/io/cucumber/gherkin/24.1.0/gherkin-24.1.0.jar:/Users/filip/.m2/repository/io/cucumber/messages/19.1.4/messages-19.1.4.jar:/Users/filip/.m2/repository/io/cucumber/tag-expressions/4.1.0/tag-expressions-4.1.0.jar:/Users/filip/.m2/repository/io/cucumber/cucumber-expressions/16.0.0/cucumber-expressions-16.0.0.jar:/Users/filip/.m2/repository/io/cucumber/datatable/7.9.0/datatable-7.9.0.jar:/Users/filip/.m2/repository/io/cucumber/cucumber-plugin/7.9.0/cucumber-plugin-7.9.0.jar:/Users/filip/.m2/repository/io/cucumber/docstring/7.9.0/docstring-7.9.0.jar:/Users/filip/.m2/repository/io/cucumber/html-formatter/20.1.0/html-formatter-20.1.0.jar:/Users/filip/.m2/repository/io/cucumber/ci-environment/9.1.0/ci-environment-9.1.0.jar:/Users/filip/.m2/repository/org/apiguardian/apiguardian-api/1.1.2/apiguardian-api-1.1.2.jar:/Users/filip/.m2/repository/io/cucumber/cucumber-testng/7.9.0/cucumber-testng-7.9.0.jar:/Users/filip/.m2/repository/org/testng/testng/7.6.1/testng-7.6.1.jar:/Users/filip/.m2/repository/com/google/code/findbugs/jsr305/3.0.2/jsr305-3.0.2.jar:/Users/filip/.m2/repository/com/beust/jcommander/1.82/jcommander-1.82.jar:/Users/filip/.m2/repository/org/webjars/jquery/3.6.0/jquery-3.6.0.jar:/Users/filip/.m2/repository/io/cucumber/cucumber-picocontainer/7.9.0/cucumber-picocontainer-7.9.0.jar:/Users/filip/.m2/repository/org/picocontainer/picocontainer/2.15/picocontainer-2.15.jar:/Users/filip/.m2/repository/com/aventstack/extentreports/5.0.9/extentreports-5.0.9.jar:/Users/filip/.m2/repository/io/reactivex/rxjava3/rxjava/3.0.4/rxjava-3.0.4.jar:/Users/filip/.m2/repository/org/reactivestreams/reactive-streams/1.0.3/reactive-streams-1.0.3.jar:/Users/filip/.m2/repository/org/freemarker/freemarker/2.3.30/freemarker-2.3.30.jar:/Users/filip/.m2/repository/com/google/code/gson/gson/2.8.6/gson-2.8.6.jar:/Users/filip/.m2/repository/tech/grasshopper/extentreports-cucumber7-adapter/1.9.1/extentreports-cucumber7-adapter-1.9.1.jar:/Users/filip/.m2/repository/tech/grasshopper/extent-pdf-report/2.9.1/extent-pdf-report-2.9.1.jar:/Users/filip/.m2/repository/tech/grasshopper/cucumber-pdf-report/2.11.1/cucumber-pdf-report-2.11.1.jar:/Users/filip/.m2/repository/org/apache/pdfbox/pdfbox/2.0.26/pdfbox-2.0.26.jar:/Users/filip/.m2/repository/org/apache/pdfbox/fontbox/2.0.26/fontbox-2.0.26.jar:/Users/filip/.m2/repository/org/knowm/xchart/xchart/3.8.0/xchart-3.8.0.jar:/Users/filip/.m2/repository/de/erichseifert/vectorgraphics2d/VectorGraphics2D/0.13/VectorGraphics2D-0.13.jar:/Users/filip/.m2/repository/de/rototor/pdfbox/graphics2d/0.30/graphics2d-0.30.jar:/Users/filip/.m2/repository/com/madgag/animated-gif-lib/1.4/animated-gif-lib-1.4.jar:/Users/filip/.m2/repository/org/yaml/snakeyaml/1.28/snakeyaml-1.28.jar:/Users/filip/.m2/repository/tech/grasshopper/table-layout/1.5.1/table-layout-1.5.1.jar:/Users/filip/.m2/repository/tech/grasshopper/rest-assured-cucumber-pdf-report/1.4.1/rest-assured-cucumber-pdf-report-1.4.1.jar:/Users/filip/.m2/repository/org/jsoup/jsoup/1.15.3/jsoup-1.15.3.jar:/Users/filip/.m2/repository/com/aventstack/klov-reporter/5.0.9/klov-reporter-5.0.9.jar:/Users/filip/.m2/repository/org/mongodb/mongodb-driver/3.6.4/mongodb-driver-3.6.4.jar:/Users/filip/.m2/repository/org/mongodb/mongodb-driver-core/3.6.4/mongodb-driver-core-3.6.4.jar:/Users/filip/.m2/repository/org/mongodb/bson/3.6.4/bson-3.6.4.jar:/Users/filip/.m2/repository/org/apache/httpcomponents/httpclient/4.5.13/httpclient-4.5.13.jar:/Users/filip/.m2/repository/org/apache/httpcomponents/httpcore/4.4.13/httpcore-4.4.13.jar:/Users/filip/.m2/repository/commons-logging/commons-logging/1.2/commons-logging-1.2.jar:/Users/filip/.m2/repository/commons-codec/commons-codec/1.11/commons-codec-1.11.jar:/Users/filip/.m2/repository/org/apache/httpcomponents/httpmime/4.5.13/httpmime-4.5.13.jar:/Users/filip/.m2/repository/tech/grasshopper/htmlextentreporter/1.0.1/htmlextentreporter-1.0.1.jar:/Users/filip/.m2/repository/org/projectlombok/lombok/1.18.24/lombok-1.18.24.jar:/Users/filip/.m2/repository/org/seleniumhq/selenium/selenium-java/4.6.0/selenium-java-4.6.0.jar:/Users/filip/.m2/repository/org/seleniumhq/selenium/selenium-api/4.6.0/selenium-api-4.6.0.jar:/Users/filip/.m2/repository/org/seleniumhq/selenium/selenium-chrome-driver/4.6.0/selenium-chrome-driver-4.6.0.jar:/Users/filip/.m2/repository/com/google/auto/service/auto-service-annotations/1.0.1/auto-service-annotations-1.0.1.jar:/Users/filip/.m2/repository/com/google/auto/service/auto-service/1.0.1/auto-service-1.0.1.jar:/Users/filip/.m2/repository/com/google/auto/auto-common/1.2/auto-common-1.2.jar:/Users/filip/.m2/repository/org/seleniumhq/selenium/selenium-chromium-driver/4.6.0/selenium-chromium-driver-4.6.0.jar:/Users/filip/.m2/repository/org/seleniumhq/selenium/selenium-json/4.6.0/selenium-json-4.6.0.jar:/Users/filip/.m2/repository/org/seleniumhq/selenium/selenium-devtools-v105/4.6.0/selenium-devtools-v105-4.6.0.jar:/Users/filip/.m2/repository/org/seleniumhq/selenium/selenium-devtools-v106/4.6.0/selenium-devtools-v106-4.6.0.jar:/Users/filip/.m2/repository/org/seleniumhq/selenium/selenium-devtools-v107/4.6.0/selenium-devtools-v107-4.6.0.jar:/Users/filip/.m2/repository/org/seleniumhq/selenium/selenium-devtools-v85/4.6.0/selenium-devtools-v85-4.6.0.jar:/Users/filip/.m2/repository/org/seleniumhq/selenium/selenium-edge-driver/4.6.0/selenium-edge-driver-4.6.0.jar:/Users/filip/.m2/repository/org/seleniumhq/selenium/selenium-firefox-driver/4.6.0/selenium-firefox-driver-4.6.0.jar:/Users/filip/.m2/repository/org/seleniumhq/selenium/selenium-ie-driver/4.6.0/selenium-ie-driver-4.6.0.jar:/Users/filip/.m2/repository/org/seleniumhq/selenium/selenium-remote-driver/4.6.0/selenium-remote-driver-4.6.0.jar:/Users/filip/.m2/repository/io/netty/netty-buffer/4.1.84.Final/netty-buffer-4.1.84.Final.jar:/Users/filip/.m2/repository/io/netty/netty-codec-http/4.1.84.Final/netty-codec-http-4.1.84.Final.jar:/Users/filip/.m2/repository/io/netty/netty-codec/4.1.84.Final/netty-codec-4.1.84.Final.jar:/Users/filip/.m2/repository/io/netty/netty-handler/4.1.84.Final/netty-handler-4.1.84.Final.jar:/Users/filip/.m2/repository/io/netty/netty-common/4.1.84.Final/netty-common-4.1.84.Final.jar:/Users/filip/.m2/repository/io/netty/netty-transport-classes-epoll/4.1.84.Final/netty-transport-classes-epoll-4.1.84.Final.jar:/Users/filip/.m2/repository/io/netty/netty-transport-classes-kqueue/4.1.84.Final/netty-transport-classes-kqueue-4.1.84.Final.jar:/Users/filip/.m2/repository/io/netty/netty-transport-native-epoll/4.1.84.Final/netty-transport-native-epoll-4.1.84.Final.jar:/Users/filip/.m2/repository/io/netty/netty-transport-native-kqueue/4.1.84.Final/netty-transport-native-kqueue-4.1.84.Final.jar:/Users/filip/.m2/repository/io/netty/netty-transport-native-unix-common/4.1.84.Final/netty-transport-native-unix-common-4.1.84.Final.jar:/Users/filip/.m2/repository/io/netty/netty-transport/4.1.84.Final/netty-transport-4.1.84.Final.jar:/Users/filip/.m2/repository/io/netty/netty-resolver/4.1.84.Final/netty-resolver-4.1.84.Final.jar:/Users/filip/.m2/repository/io/opentelemetry/opentelemetry-api/1.19.0/opentelemetry-api-1.19.0.jar:/Users/filip/.m2/repository/io/opentelemetry/opentelemetry-context/1.19.0/opentelemetry-context-1.19.0.jar:/Users/filip/.m2/repository/io/opentelemetry/opentelemetry-exporter-logging/1.19.0/opentelemetry-exporter-logging-1.19.0.jar:/Users/filip/.m2/repository/io/opentelemetry/opentelemetry-sdk-metrics/1.19.0/opentelemetry-sdk-metrics-1.19.0.jar:/Users/filip/.m2/repository/io/opentelemetry/opentelemetry-sdk-logs/1.19.0-alpha/opentelemetry-sdk-logs-1.19.0-alpha.jar:/Users/filip/.m2/repository/io/opentelemetry/opentelemetry-api-logs/1.19.0-alpha/opentelemetry-api-logs-1.19.0-alpha.jar:/Users/filip/.m2/repository/io/opentelemetry/opentelemetry-sdk-common/1.19.0/opentelemetry-sdk-common-1.19.0.jar:/Users/filip/.m2/repository/io/opentelemetry/opentelemetry-sdk-extension-autoconfigure-spi/1.19.0/opentelemetry-sdk-extension-autoconfigure-spi-1.19.0.jar:/Users/filip/.m2/repository/io/opentelemetry/opentelemetry-sdk-extension-autoconfigure/1.19.0-alpha/opentelemetry-sdk-extension-autoconfigure-1.19.0-alpha.jar:/Users/filip/.m2/repository/io/opentelemetry/opentelemetry-exporter-common/1.19.0/opentelemetry-exporter-common-1.19.0.jar:/Users/filip/.m2/repository/io/opentelemetry/opentelemetry-sdk-trace/1.19.0/opentelemetry-sdk-trace-1.19.0.jar:/Users/filip/.m2/repository/io/opentelemetry/opentelemetry-sdk/1.19.0/opentelemetry-sdk-1.19.0.jar:/Users/filip/.m2/repository/io/opentelemetry/opentelemetry-semconv/1.19.0-alpha/opentelemetry-semconv-1.19.0-alpha.jar:/Users/filip/.m2/repository/io/ous/jtoml/2.0.0/jtoml-2.0.0.jar:/Users/filip/.m2/repository/net/bytebuddy/byte-buddy/1.12.18/byte-buddy-1.12.18.jar:/Users/filip/.m2/repository/org/apache/commons/commons-exec/1.3/commons-exec-1.3.jar:/Users/filip/.m2/repository/org/asynchttpclient/async-http-client/2.12.3/async-http-client-2.12.3.jar:/Users/filip/.m2/repository/org/asynchttpclient/async-http-client-netty-utils/2.12.3/async-http-client-netty-utils-2.12.3.jar:/Users/filip/.m2/repository/io/netty/netty-codec-socks/4.1.60.Final/netty-codec-socks-4.1.60.Final.jar:/Users/filip/.m2/repository/io/netty/netty-handler-proxy/4.1.60.Final/netty-handler-proxy-4.1.60.Final.jar:/Users/filip/.m2/repository/io/netty/netty-transport-native-epoll/4.1.60.Final/netty-transport-native-epoll-4.1.60.Final-linux-x86_64.jar:/Users/filip/.m2/repository/io/netty/netty-transport-native-kqueue/4.1.60.Final/netty-transport-native-kqueue-4.1.60.Final-osx-x86_64.jar:/Users/filip/.m2/repository/com/typesafe/netty/netty-reactive-streams/2.0.4/netty-reactive-streams-2.0.4.jar:/Users/filip/.m2/repository/com/sun/activation/jakarta.activation/1.2.2/jakarta.activation-1.2.2.jar:/Users/filip/.m2/repository/org/seleniumhq/selenium/selenium-http/4.6.0/selenium-http-4.6.0.jar:/Users/filip/.m2/repository/dev/failsafe/failsafe/3.3.0/failsafe-3.3.0.jar:/Users/filip/.m2/repository/org/seleniumhq/selenium/selenium-manager/4.6.0/selenium-manager-4.6.0.jar:/Users/filip/.m2/repository/org/seleniumhq/selenium/selenium-safari-driver/4.6.0/selenium-safari-driver-4.6.0.jar:/Users/filip/.m2/repository/org/seleniumhq/selenium/selenium-support/4.6.0/selenium-support-4.6.0.jar:/Users/filip/.m2/repository/com/codeborne/selenide/6.10.1/selenide-6.10.1.jar:/Users/filip/.m2/repository/org/slf4j/slf4j-api/2.0.4/slf4j-api-2.0.4.jar:/Users/filip/.m2/repository/com/codeborne/selenide-core/6.10.1/selenide-core-6.10.1.jar:/Users/filip/.m2/repository/org/opentest4j/opentest4j/1.2.0/opentest4j-1.2.0.jar:/Users/filip/.m2/repository/io/github/bonigarcia/webdrivermanager/5.3.1/webdrivermanager-5.3.1.jar:/Users/filip/.m2/repository/org/brotli/dec/0.1.2/dec-0.1.2.jar:/Users/filip/.m2/repository/org/apache/commons/commons-compress/1.22/commons-compress-1.22.jar:/Users/filip/.m2/repository/org/apache/httpcomponents/client5/httpclient5/5.2/httpclient5-5.2.jar:/Users/filip/.m2/repository/org/apache/httpcomponents/core5/httpcore5/5.2/httpcore5-5.2.jar:/Users/filip/.m2/repository/org/apache/httpcomponents/core5/httpcore5-h2/5.2/httpcore5-h2-5.2.jar:/Users/filip/.m2/repository/com/google/guava/guava/31.1-jre/guava-31.1-jre.jar:/Users/filip/.m2/repository/com/google/guava/failureaccess/1.0.1/failureaccess-1.0.1.jar:/Users/filip/.m2/repository/com/google/guava/listenablefuture/9999.0-empty-to-avoid-conflict-with-guava/listenablefuture-9999.0-empty-to-avoid-conflict-with-guava.jar:/Users/filip/.m2/repository/org/checkerframework/checker-qual/3.12.0/checker-qual-3.12.0.jar:/Users/filip/.m2/repository/com/google/errorprone/error_prone_annotations/2.11.0/error_prone_annotations-2.11.0.jar:/Users/filip/.m2/repository/com/google/j2objc/j2objc-annotations/1.3/j2objc-annotations-1.3.jar:/Users/filip/.m2/repository/org/apache/commons/commons-lang3/3.12.0/commons-lang3-3.12.0.jar:/Users/filip/.m2/repository/commons-io/commons-io/2.11.0/commons-io-2.11.0.jar:"/>
    <property name="sun.cpu.endian" value="little"/>
    <property name="user.home" value="/Users/filip"/>
    <property name="user.language" value="sk"/>
    <property name="sun.stderr.encoding" value="UTF-8"/>
    <property name="java.specification.vendor" value="Oracle Corporation"/>
    <property name="java.version.date" value="2022-07-19"/>
    <property name="java.home" value="/Library/Java/JavaVirtualMachines/amazon-corretto-18.jdk/Contents/Home"/>
    <property name="file.separator" value="/"/>
    <property name="basedir" value="/Users/filip/IntelliJ projects/RahulUdemy"/>
    <property name="java.vm.compressedOopsMode" value="Zero based"/>
    <property name="line.separator" value="&#10;"/>
    <property name="sun.stdout.encoding" value="UTF-8"/>
    <property name="java.vm.specification.vendor" value="Oracle Corporation"/>
    <property name="java.specification.name" value="Java Platform API Specification"/>
    <property name="apple.awt.application.name" value="Launcher"/>
    <property name="sun.management.compiler" value="HotSpot 64-Bit Tiered Compilers"/>
    <property name="ftp.nonProxyHosts" value="local|*.local|169.254/16|*.169.254/16"/>
    <property name="java.runtime.version" value="18.0.2+9-FR"/>
    <property name="user.name" value="filip"/>
    <property name="path.separator" value=":"/>
    <property name="os.version" value="13.0.1"/>
    <property name="java.runtime.name" value="OpenJDK Runtime Environment"/>
    <property name="file.encoding" value="UTF-8"/>
    <property name="guice.disable.misplaced.annotation.check" value="true"/>
    <property name="browser" value="chrome"/>
    <property name="java.vm.name" value="OpenJDK 64-Bit Server VM"/>
    <property name="java.vendor.version" value="Corretto-18.0.2.9.1"/>
    <property name="localRepository" value="/Users/filip/.m2/repository"/>
    <property name="java.vendor.url.bug" value="https://github.com/corretto/corretto-18/issues/"/>
    <property name="java.io.tmpdir" value="/var/folders/y9/9g5c_vf166jgq79njx5nxdk00000gn/T/"/>
    <property name="java.version" value="18.0.2"/>
    <property name="user.dir" value="/Users/filip/IntelliJ projects/RahulUdemy"/>
    <property name="os.arch" value="aarch64"/>
    <property name="maven.multiModuleProjectDirectory" value="/Users/filip/IntelliJ projects/RahulUdemy"/>
    <property name="java.vm.specification.name" value="Java Virtual Machine Specification"/>
    <property name="env" value="test"/>
    <property name="native.encoding" value="UTF-8"/>
    <property name="java.library.path" value="/Users/filip/Library/Java/Extensions:/Library/Java/Extensions:/Network/Library/Java/Extensions:/System/Library/Java/Extensions:/usr/lib/java:."/>
    <property name="java.vm.info" value="mixed mode, sharing"/>
    <property name="java.vendor" value="Amazon.com Inc."/>
    <property name="java.vm.version" value="18.0.2+9-FR"/>
    <property name="classworlds.conf" value="/opt/homebrew/Cellar/maven/3.8.6/libexec/bin/m2.conf"/>
    <property name="sun.io.unicode.encoding" value="UnicodeBig"/>
    <property name="library.jansi.path" value="/opt/homebrew/Cellar/maven/3.8.6/libexec/lib/jansi-native"/>
    <property name="socksNonProxyHosts" value="local|*.local|169.254/16|*.169.254/16"/>
    <property name="java.class.version" value="62.0"/>
    <property name="webdriver.http.factory" value="selenide-netty-client-factory"/>
  </properties>
  <testcase name="runScenario[&quot;Get titles of the opened tabs&quot;, &quot;AutomationPractice page tests&quot;](1)" classname="testRunners.CucumberTestNGRunner" time="21.06">
    <system-out><![CDATA[
@Test
Scenario: Get titles of the opened tabs                                                                                                                                                        # src/test/java/features/AutomationPracticePageTests.feature:22
  Given I open "Automation practice" page                                                                                                                                                      # steps.SharedStepsDefinition.i_open_something_page(java.lang.String)
  When I scroll to the end of page                                                                                                                                                             # steps.AutomationPracticeStepDefinition.i_scroll_to_the_end_of_page()
  Then I open "Soapui" prelink in new tab                                                                                                                                                      # steps.AutomationPracticeStepDefinition.i_open_something_prelink_in_new_tab(java.lang.String)
  Then I open "Appium" prelink in new tab                                                                                                                                                      # steps.AutomationPracticeStepDefinition.i_open_something_prelink_in_new_tab(java.lang.String)
[practice page, appium mobile automation testing from scratch + frameworks tutorial | udemy, the world's most popular api testing tool | soapui]
  And I get title of every opened tab                                                                                                                                                          # steps.AutomationPracticeStepDefinition.i_get_title_of_every_opened_tab()
  Then I see tabs should have title "Practice page" And "appium mobile automation testing from scratch + frameworks tutorial | udemy" And "the world's most popular api testing tool | soapui" # steps.AutomationPracticeStepDefinition.i_see_tabs_should_have_title_something_and_something_and_something(java.lang.String,java.lang.String,java.lang.String)
]]></system-out>
    <system-err><![CDATA[SLF4J: No SLF4J providers were found.
SLF4J: Defaulting to no-operation (NOP) logger implementation
SLF4J: See https://www.slf4j.org/codes.html#noProviders for further details.
Starting ChromeDriver 108.0.5359.71 (1e0e3868ee06e91ad636a874420e3ca3ae3756ac-refs/branch-heads/5359@{#1016}) on port 3932
Only local connections are allowed.
Please see https://chromedriver.chromium.org/security-considerations for suggestions on keeping ChromeDriver safe.
ChromeDriver was started successfully.
dec 09, 2022 11:31:12 PM org.openqa.selenium.devtools.CdpVersionFinder findNearestMatch
WARNING: Unable to find an exact match for CDP version 108, so returning the closest version found: 107
]]></system-err>
  </testcase>
</testsuite>