<?xml version="1.0" encoding="UTF-8"?>
<!-- Generated by org.testng.reporters.JUnitReportReporter -->
<testsuite hostname="MBPuzivelaFilip" failures="0" tests="1" name="testRunners.CucumberTestNGRunner" time="21.058" errors="0" timestamp="2022-12-09T23:31:32 SEÄŒ" skipped="0">
  <testcase classname="testRunners.CucumberTestNGRunner" name="runScenario" time="21.058"/>
  <system-out/>
</testsuite> <!-- testRunners.CucumberTestNGRunner -->
